<?xml version='1.0' encoding='UTF-8'?>
<testsuite hostname="ubuntu" name="FunctionalSpec" tests="1" errors="0" failures="0" skipped="0" time="0.602" timestamp="2021-02-20T18:49:42">
                     <properties>
[...]
</properties>
                     <testcase classname="FunctionalSpec" name="FunctionalAdd should pass" time="0.602">
                                                 
                                               </testcase>
                     <system-out><![CDATA[]]></system-out>
                     <system-err><![CDATA[]]></system-err>
                   </testsuite>